<?xml version="1.0" encoding="UTF-8"?>
<testsuite name="com.restExampleTest.org.ApplicationTest" tests="3" skipped="0" failures="0" errors="0" timestamp="2017-02-20T04:11:16" hostname="madhu-lappy" time="0.449">
  <properties/>
  <testcase name="testGreetingReturnsCorrectOutput" classname="com.restExampleTest.org.ApplicationTest" time="0.408"/>
  <testcase name="testGreetingReturnsCorrectOutputWhenUserNameGivenAsInput" classname="com.restExampleTest.org.ApplicationTest" time="0.019"/>
  <testcase name="testGreeting" classname="com.restExampleTest.org.ApplicationTest" time="0.015"/>
  <system-out><![CDATA[23:11:09.897 [Test worker] DEBUG org.springframework.test.context.junit4.SpringJUnit4ClassRunner - SpringJUnit4ClassRunner constructor called with [class com.restExampleTest.org.ApplicationTest]
23:11:09.910 [Test worker] DEBUG org.springframework.test.context.BootstrapUtils - Instantiating CacheAwareContextLoaderDelegate from class [org.springframework.test.context.cache.DefaultCacheAwareContextLoaderDelegate]
23:11:09.927 [Test worker] DEBUG org.springframework.test.context.BootstrapUtils - Instantiating BootstrapContext using constructor [public org.springframework.test.context.support.DefaultBootstrapContext(java.lang.Class,org.springframework.test.context.CacheAwareContextLoaderDelegate)]
23:11:09.958 [Test worker] DEBUG org.springframework.test.context.BootstrapUtils - Instantiating TestContextBootstrapper for test class [com.restExampleTest.org.ApplicationTest] from class [org.springframework.boot.test.context.SpringBootTestContextBootstrapper]
23:11:09.994 [Test worker] DEBUG org.springframework.test.context.support.AbstractContextLoader - Did not detect default resource location for test class [com.restExampleTest.org.ApplicationTest]: class path resource [com/restExampleTest/org/ApplicationTest-context.xml] does not exist
23:11:09.995 [Test worker] DEBUG org.springframework.test.context.support.AbstractContextLoader - Did not detect default resource location for test class [com.restExampleTest.org.ApplicationTest]: class path resource [com/restExampleTest/org/ApplicationTestContext.groovy] does not exist
23:11:09.995 [Test worker] INFO org.springframework.test.context.support.AbstractContextLoader - Could not detect default resource locations for test class [com.restExampleTest.org.ApplicationTest]: no resource found for suffixes {-context.xml, Context.groovy}.
23:11:10.090 [Test worker] DEBUG org.springframework.test.context.support.ActiveProfilesUtils - Could not find an 'annotation declaring class' for annotation type [org.springframework.test.context.ActiveProfiles] and class [com.restExampleTest.org.ApplicationTest]
23:11:10.173 [Test worker] DEBUG org.springframework.boot.test.context.SpringBootTestContextBootstrapper - @TestExecutionListeners is not present for class [com.restExampleTest.org.ApplicationTest]: using defaults.
23:11:10.182 [Test worker] INFO org.springframework.boot.test.context.SpringBootTestContextBootstrapper - Loaded default TestExecutionListener class names from location [META-INF/spring.factories]: [org.springframework.boot.test.mock.mockito.MockitoTestExecutionListener, org.springframework.boot.test.mock.mockito.ResetMocksTestExecutionListener, org.springframework.boot.test.autoconfigure.restdocs.RestDocsTestExecutionListener, org.springframework.boot.test.autoconfigure.web.client.MockRestServiceServerResetTestExecutionListener, org.springframework.boot.test.autoconfigure.web.servlet.MockMvcPrintOnlyOnFailureTestExecutionListener, org.springframework.boot.test.autoconfigure.web.servlet.WebDriverTestExecutionListener, org.springframework.test.context.web.ServletTestExecutionListener, org.springframework.test.context.support.DirtiesContextBeforeModesTestExecutionListener, org.springframework.test.context.support.DependencyInjectionTestExecutionListener, org.springframework.test.context.support.DirtiesContextTestExecutionListener, org.springframework.test.context.transaction.TransactionalTestExecutionListener, org.springframework.test.context.jdbc.SqlScriptsTestExecutionListener]
23:11:10.204 [Test worker] INFO org.springframework.boot.test.context.SpringBootTestContextBootstrapper - Could not instantiate TestExecutionListener [org.springframework.test.context.jdbc.SqlScriptsTestExecutionListener]. Specify custom listener classes or make the default listener classes (and their required dependencies) available. Offending class: [org/springframework/transaction/interceptor/TransactionAttribute]
23:11:10.206 [Test worker] INFO org.springframework.boot.test.context.SpringBootTestContextBootstrapper - Could not instantiate TestExecutionListener [org.springframework.test.context.transaction.TransactionalTestExecutionListener]. Specify custom listener classes or make the default listener classes (and their required dependencies) available. Offending class: [org/springframework/transaction/interceptor/TransactionAttributeSource]
23:11:10.207 [Test worker] INFO org.springframework.boot.test.context.SpringBootTestContextBootstrapper - Using TestExecutionListeners: [org.springframework.test.context.web.ServletTestExecutionListener@75cb4f4d, org.springframework.test.context.support.DirtiesContextBeforeModesTestExecutionListener@4439745e, org.springframework.boot.test.autoconfigure.SpringBootDependencyInjectionTestExecutionListener@65f63096, org.springframework.test.context.support.DirtiesContextTestExecutionListener@7cdf922, org.springframework.boot.test.autoconfigure.restdocs.RestDocsTestExecutionListener@28d36fb1, org.springframework.boot.test.autoconfigure.web.servlet.WebDriverTestExecutionListener@27c76571, org.springframework.boot.test.autoconfigure.web.servlet.MockMvcPrintOnlyOnFailureTestExecutionListener@73e1939f, org.springframework.boot.test.mock.mockito.MockitoTestExecutionListener@1b8d7028, org.springframework.boot.test.mock.mockito.ResetMocksTestExecutionListener@28103a0f, org.springframework.boot.test.autoconfigure.web.client.MockRestServiceServerResetTestExecutionListener@34e03e91]
23:11:10.211 [Test worker] DEBUG org.springframework.test.annotation.ProfileValueUtils - Retrieved @ProfileValueSourceConfiguration [null] for test class [com.restExampleTest.org.ApplicationTest]
23:11:10.214 [Test worker] DEBUG org.springframework.test.annotation.ProfileValueUtils - Retrieved ProfileValueSource type [class org.springframework.test.annotation.SystemProfileValueSource] for class [com.restExampleTest.org.ApplicationTest]
23:11:10.218 [Test worker] DEBUG org.springframework.test.annotation.ProfileValueUtils - Retrieved @ProfileValueSourceConfiguration [null] for test class [com.restExampleTest.org.ApplicationTest]
23:11:10.218 [Test worker] DEBUG org.springframework.test.annotation.ProfileValueUtils - Retrieved ProfileValueSource type [class org.springframework.test.annotation.SystemProfileValueSource] for class [com.restExampleTest.org.ApplicationTest]
23:11:10.227 [Test worker] DEBUG org.springframework.test.context.support.AbstractDirtiesContextTestExecutionListener - Before test class: context [DefaultTestContext@35e89e22 testClass = ApplicationTest, testInstance = [null], testMethod = [null], testException = [null], mergedContextConfiguration = [WebMergedContextConfiguration@281504c9 testClass = ApplicationTest, locations = '{}', classes = '{class com.restExample.org.Application}', contextInitializerClasses = '[]', activeProfiles = '{}', propertySourceLocations = '{}', propertySourceProperties = '{org.springframework.boot.test.context.SpringBootTestContextBootstrapper=true, server.port=0}', contextCustomizers = set[org.springframework.boot.test.context.SpringBootTestContextCustomizer@61404f5d, org.springframework.boot.test.context.filter.ExcludeFilterContextCustomizer@6afe0c67, org.springframework.boot.test.mock.mockito.MockitoContextCustomizer@0, org.springframework.boot.test.autoconfigure.properties.PropertyMappingContextCustomizer@0, org.springframework.boot.test.autoconfigure.web.servlet.WebDriverContextCustomizerFactory$Customizer@3c79376], resourceBasePath = 'src/main/webapp', contextLoader = 'org.springframework.boot.test.context.SpringBootContextLoader', parent = [null]]], class annotated with @DirtiesContext [true] with mode [AFTER_CLASS].
23:11:10.228 [Test worker] DEBUG org.springframework.test.annotation.ProfileValueUtils - Retrieved @ProfileValueSourceConfiguration [null] for test class [com.restExampleTest.org.ApplicationTest]
23:11:10.228 [Test worker] DEBUG org.springframework.test.annotation.ProfileValueUtils - Retrieved ProfileValueSource type [class org.springframework.test.annotation.SystemProfileValueSource] for class [com.restExampleTest.org.ApplicationTest]
23:11:10.231 [Test worker] DEBUG org.springframework.test.context.support.DependencyInjectionTestExecutionListener - Performing dependency injection for test context [[DefaultTestContext@35e89e22 testClass = ApplicationTest, testInstance = com.restExampleTest.org.ApplicationTest@5b89dbea, testMethod = [null], testException = [null], mergedContextConfiguration = [WebMergedContextConfiguration@281504c9 testClass = ApplicationTest, locations = '{}', classes = '{class com.restExample.org.Application}', contextInitializerClasses = '[]', activeProfiles = '{}', propertySourceLocations = '{}', propertySourceProperties = '{org.springframework.boot.test.context.SpringBootTestContextBootstrapper=true, server.port=0}', contextCustomizers = set[org.springframework.boot.test.context.SpringBootTestContextCustomizer@61404f5d, org.springframework.boot.test.context.filter.ExcludeFilterContextCustomizer@6afe0c67, org.springframework.boot.test.mock.mockito.MockitoContextCustomizer@0, org.springframework.boot.test.autoconfigure.properties.PropertyMappingContextCustomizer@0, org.springframework.boot.test.autoconfigure.web.servlet.WebDriverContextCustomizerFactory$Customizer@3c79376], resourceBasePath = 'src/main/webapp', contextLoader = 'org.springframework.boot.test.context.SpringBootContextLoader', parent = [null]]]].
23:11:10.377 [Test worker] DEBUG org.springframework.core.env.StandardEnvironment - Adding [systemProperties] PropertySource with lowest search precedence
23:11:10.379 [Test worker] DEBUG org.springframework.core.env.StandardEnvironment - Adding [systemEnvironment] PropertySource with lowest search precedence
23:11:10.379 [Test worker] DEBUG org.springframework.core.env.StandardEnvironment - Initialized StandardEnvironment with PropertySources [systemProperties,systemEnvironment]
23:11:10.383 [Test worker] DEBUG org.springframework.test.context.support.TestPropertySourceUtils - Adding inlined properties to environment: {spring.jmx.enabled=false, org.springframework.boot.test.context.SpringBootTestContextBootstrapper=true, server.port=0}
23:11:10.384 [Test worker] DEBUG org.springframework.core.env.StandardEnvironment - Adding [Inlined Test Properties] PropertySource with highest search precedence

  .   ____          _            __ _ _
 /\\ / ___'_ __ _ _(_)_ __  __ _ \ \ \ \
( ( )\___ | '_ | '_| | '_ \/ _` | \ \ \ \
 \\/  ___)| |_)| | | | | || (_| |  ) ) ) )
  '  |____| .__|_| |_|_| |_\__, | / / / /
 =========|_|==============|___/=/_/_/_/
 :: Spring Boot ::        (v1.4.2.RELEASE)

2017-02-19 23:11:11.401  INFO 16002 --- [    Test worker] com.restExampleTest.org.ApplicationTest  : Starting ApplicationTest on madhu-lappy with PID 16002 (started by Apple in /Users/Apple/Documents/workspace-sts-3.8.3.RELEASE/CodingAssignment)
2017-02-19 23:11:11.403  INFO 16002 --- [    Test worker] com.restExampleTest.org.ApplicationTest  : No active profile set, falling back to default profiles: default
2017-02-19 23:11:11.512  INFO 16002 --- [    Test worker] ationConfigEmbeddedWebApplicationContext : Refreshing org.springframework.boot.context.embedded.AnnotationConfigEmbeddedWebApplicationContext@74eaf579: startup date [Sun Feb 19 23:11:11 EST 2017]; root of context hierarchy
2017-02-19 23:11:14.375  INFO 16002 --- [    Test worker] s.b.c.e.t.TomcatEmbeddedServletContainer : Tomcat initialized with port(s): 0 (http)
2017-02-19 23:11:14.419  INFO 16002 --- [    Test worker] o.apache.catalina.core.StandardService   : Starting service Tomcat
2017-02-19 23:11:14.423  INFO 16002 --- [    Test worker] org.apache.catalina.core.StandardEngine  : Starting Servlet Engine: Apache Tomcat/8.5.6
2017-02-19 23:11:14.649  INFO 16002 --- [ost-startStop-1] o.a.c.c.C.[Tomcat].[localhost].[/]       : Initializing Spring embedded WebApplicationContext
2017-02-19 23:11:14.649  INFO 16002 --- [ost-startStop-1] o.s.web.context.ContextLoader            : Root WebApplicationContext: initialization completed in 3150 ms
2017-02-19 23:11:14.942  INFO 16002 --- [ost-startStop-1] o.s.b.w.servlet.ServletRegistrationBean  : Mapping servlet: 'dispatcherServlet' to [/]
2017-02-19 23:11:14.949  INFO 16002 --- [ost-startStop-1] o.s.b.w.servlet.FilterRegistrationBean   : Mapping filter: 'characterEncodingFilter' to: [/*]
2017-02-19 23:11:14.950  INFO 16002 --- [ost-startStop-1] o.s.b.w.servlet.FilterRegistrationBean   : Mapping filter: 'hiddenHttpMethodFilter' to: [/*]
2017-02-19 23:11:14.951  INFO 16002 --- [ost-startStop-1] o.s.b.w.servlet.FilterRegistrationBean   : Mapping filter: 'httpPutFormContentFilter' to: [/*]
2017-02-19 23:11:14.951  INFO 16002 --- [ost-startStop-1] o.s.b.w.servlet.FilterRegistrationBean   : Mapping filter: 'requestContextFilter' to: [/*]
2017-02-19 23:11:15.559  INFO 16002 --- [    Test worker] s.w.s.m.m.a.RequestMappingHandlerAdapter : Looking for @ControllerAdvice: org.springframework.boot.context.embedded.AnnotationConfigEmbeddedWebApplicationContext@74eaf579: startup date [Sun Feb 19 23:11:11 EST 2017]; root of context hierarchy
2017-02-19 23:11:15.667  INFO 16002 --- [    Test worker] s.w.s.m.m.a.RequestMappingHandlerMapping : Mapped "{[/]}" onto public java.lang.String com.restExample.org.Application.home()
2017-02-19 23:11:15.671  INFO 16002 --- [    Test worker] s.w.s.m.m.a.RequestMappingHandlerMapping : Mapped "{[/greeting]}" onto public com.restExample.org.Welcome com.restExample.org.WelcomeController.greeting(java.lang.String)
2017-02-19 23:11:15.671  INFO 16002 --- [    Test worker] s.w.s.m.m.a.RequestMappingHandlerMapping : Mapped "{[/calculate]}" onto public java.lang.String com.restExample.org.WelcomeController.Calculator(java.lang.String) throws com.fasterxml.jackson.core.JsonParseException,java.io.IOException
2017-02-19 23:11:15.676  INFO 16002 --- [    Test worker] s.w.s.m.m.a.RequestMappingHandlerMapping : Mapped "{[/error]}" onto public org.springframework.http.ResponseEntity<java.util.Map<java.lang.String, java.lang.Object>> org.springframework.boot.autoconfigure.web.BasicErrorController.error(javax.servlet.http.HttpServletRequest)
2017-02-19 23:11:15.676  INFO 16002 --- [    Test worker] s.w.s.m.m.a.RequestMappingHandlerMapping : Mapped "{[/error],produces=[text/html]}" onto public org.springframework.web.servlet.ModelAndView org.springframework.boot.autoconfigure.web.BasicErrorController.errorHtml(javax.servlet.http.HttpServletRequest,javax.servlet.http.HttpServletResponse)
2017-02-19 23:11:15.749  INFO 16002 --- [    Test worker] o.s.w.s.handler.SimpleUrlHandlerMapping  : Mapped URL path [/webjars/**] onto handler of type [class org.springframework.web.servlet.resource.ResourceHttpRequestHandler]
2017-02-19 23:11:15.749  INFO 16002 --- [    Test worker] o.s.w.s.handler.SimpleUrlHandlerMapping  : Mapped URL path [/**] onto handler of type [class org.springframework.web.servlet.resource.ResourceHttpRequestHandler]
2017-02-19 23:11:15.835  INFO 16002 --- [    Test worker] o.s.w.s.handler.SimpleUrlHandlerMapping  : Mapped URL path [/**/favicon.ico] onto handler of type [class org.springframework.web.servlet.resource.ResourceHttpRequestHandler]
2017-02-19 23:11:16.170  INFO 16002 --- [    Test worker] s.b.c.e.t.TomcatEmbeddedServletContainer : Tomcat started on port(s): 65278 (http)
2017-02-19 23:11:16.181  INFO 16002 --- [    Test worker] com.restExampleTest.org.ApplicationTest  : Started ApplicationTest in 5.79 seconds (JVM running for 7.731)
2017-02-19 23:11:16.396  INFO 16002 --- [o-auto-1-exec-1] o.a.c.c.C.[Tomcat].[localhost].[/]       : Initializing Spring FrameworkServlet 'dispatcherServlet'
2017-02-19 23:11:16.397  INFO 16002 --- [o-auto-1-exec-1] o.s.web.servlet.DispatcherServlet        : FrameworkServlet 'dispatcherServlet': initialization started
2017-02-19 23:11:16.425  INFO 16002 --- [o-auto-1-exec-1] o.s.web.servlet.DispatcherServlet        : FrameworkServlet 'dispatcherServlet': initialization completed in 28 ms
2017-02-19 23:11:16.645  INFO 16002 --- [    Test worker] ationConfigEmbeddedWebApplicationContext : Closing org.springframework.boot.context.embedded.AnnotationConfigEmbeddedWebApplicationContext@74eaf579: startup date [Sun Feb 19 23:11:11 EST 2017]; root of context hierarchy
]]></system-out>
  <system-err><![CDATA[]]></system-err>
</testsuite>
